
Showing logs for build [32mcb-kubecd-environment-pr-182-5-798hz-1[0m stage [32mfrom-build-pack[0m and container [32mstep-credential-initializer-rvkcc[0m
{"level":"warn","ts":1584164268.1480021,"logger":"fallback-logger","caller":"logging/config.go:69","msg":"Fetch GitHub commit ID from kodata failed: \"ref: refs/heads/0.8.0-**-support-backwards-incompats\" is not a valid GitHub commit ID"}
{"level":"info","ts":1584164268.1486194,"logger":"fallback-logger","caller":"creds-init/main.go:40","msg":"Credentials initialized."}

Showing logs for build [32mcb-kubecd-environment-pr-182-5-798hz-1[0m stage [32mfrom-build-pack[0m and container [32mstep-working-dir-initializer-qcdbl[0m
{"level":"warn","ts":1584164269.1361291,"logger":"fallback-logger","caller":"logging/config.go:69","msg":"Fetch GitHub commit ID from kodata failed: open /var/run/ko/HEAD: no such file or directory"}
{"level":"info","ts":1584164269.1374962,"logger":"fallback-logger","caller":"bash/main.go:64","msg":"Successfully executed command \"sh -c mkdir -p /workspace/source\"; output "}

Showing logs for build [32mcb-kubecd-environment-pr-182-5-798hz-1[0m stage [32mfrom-build-pack[0m and container [32mstep-place-tools[0m

Showing logs for build [32mcb-kubecd-environment-pr-182-5-798hz-1[0m stage [32mfrom-build-pack[0m and container [32mstep-git-source-cb-kubecd-environment-pr-182-5-798hz-znpds[0m
{"level":"warn","ts":1584164273.1930263,"logger":"fallback-logger","caller":"logging/config.go:69","msg":"Fetch GitHub commit ID from kodata failed: \"ref: refs/heads/0.8.0-**-support-backwards-incompats\" is not a valid GitHub commit ID"}
{"level":"info","ts":1584164274.2455385,"logger":"fallback-logger","caller":"git/git.go:103","msg":"Successfully cloned https://github.com/cb-kubecd/environment-pr-182-5-boot-gke-staging.git @ master in path /workspace/source"}

Showing logs for build [32mcb-kubecd-environment-pr-182-5-798hz-1[0m stage [32mfrom-build-pack[0m and container [32mstep-git-merge[0m
Using SHAs from PULL_REFS=master:e7c54ab5e0145cb4b1d18da6842f85477e16973c,7:f97ca68d09f09c1643ceb3cd9d44ddd1892cebca
DEBUG: LC_ALL=C JX_LOG_LEVEL=error git fetch origin --unshallow f97ca68d09f09c1643ceb3cd9d44ddd1892cebca: e7c54ab5e0145cb4b1d18da6842f85477e16973c:
DEBUG: ran git fetch --unshallow origin f97ca68d09f09c1643ceb3cd9d44ddd1892cebca: e7c54ab5e0145cb4b1d18da6842f85477e16973c: in 
DEBUG: LC_ALL=C JX_LOG_LEVEL=error git branch
DEBUG: LC_ALL=C JX_LOG_LEVEL=error git checkout master
DEBUG: ran git checkout master in 
DEBUG: LC_ALL=C JX_LOG_LEVEL=error git reset --hard e7c54ab5e0145cb4b1d18da6842f85477e16973c
DEBUG: ran git reset --hard e7c54ab5e0145cb4b1d18da6842f85477e16973c in 
DEBUG: JX_LOG_LEVEL=error LC_ALL=C git clean -fd .
DEBUG: ran clean --force -d . in 
DEBUG: LC_ALL=C JX_LOG_LEVEL=error git merge f97ca68d09f09c1643ceb3cd9d44ddd1892cebca
DEBUG: ran git merge f97ca68d09f09c1643ceb3cd9d44ddd1892cebca in 
DEBUG: LC_ALL=C JX_LOG_LEVEL=error git log --format=%H%x1f%an%x1f%ae%x1f%cn%x1f%ce%x1f%s%n%b%x1e e7c54ab5e0145cb4b1d18da6842f85477e16973c..HEAD
Merged SHA f97ca68d09f09c1643ceb3cd9d44ddd1892cebca with commit message 'chore: Promote bdd-sbhg-import-1584163065 to version 0.0.1' into base branch master

Showing logs for build [32mcb-kubecd-environment-pr-182-5-798hz-1[0m stage [32mfrom-build-pack[0m and container [32mstep-build-helm-build[0m
WARNING: No $CHART_REPOSITORY defined so using the default value of: http://jenkins-x-chartmuseum:8080
Adding missing Helm repo: storage.googleapis.com https://storage.googleapis.com/chartmuseum.jenkins-x.io
WARNING: No secrets found on "helm/repos" due: reading the secret "helm/repos" from vault: no secret "helm/repos" not found in vault
Read credentials for https://storage.googleapis.com/chartmuseum.jenkins-x.io from vault helm/repos
Successfully added Helm repository storage.googleapis.com.
Adding missing Helm repo: jenkins-x-chartmuseum http://jenkins-x-chartmuseum:8080
WARNING: No secrets found on "helm/repos" due: reading the secret "helm/repos" from vault: no secret "helm/repos" not found in vault
Read credentials for http://jenkins-x-chartmuseum:8080 from vault helm/repos
Successfully added Helm repository jenkins-x-chartmuseum.
WARNING: No $CHART_REPOSITORY defined so using the default value of: http://jenkins-x-chartmuseum:8080
Adding missing Helm repo: chartmuseum.jenkins-x.io http://chartmuseum.jenkins-x.io
WARNING: No secrets found on "helm/repos" due: reading the secret "helm/repos" from vault: no secret "helm/repos" not found in vault
Read credentials for http://chartmuseum.jenkins-x.io from vault helm/repos
Successfully added Helm repository chartmuseum.jenkins-x.io.
